Using pre-set license
Built from '6000.0/staging' branch; Version is '6000.0.34f1 (5ab2d9ed9190) revision 5944025'; Using compiler version '193933523'; Build Type 'Release'
OS: 'Windows 11  (10.0.26100) 64bit Core' Language: 'ja' Physical Memory: 32512 MB
BatchMode: 1, IsHumanControllingUs: 0, StartBugReporterOnCrash: 0, Is64bit: 1, IsPro: 1

COMMAND LINE ARGUMENTS:
C:\KMSN\Unity\GameEngine1\6000.0.34f1\Editor\Unity.exe
-adb2
-batchMode
-noUpm
-name
AssetImportWorker1
-projectPath
C:/KMSN/GitHub/TeamB2025GameJam/TeamB2025GameJam
-logFile
Logs/AssetImportWorker1.log
-srvPort
54295
-job-worker-count
7
-background-job-worker-count
8
-gc-helper-count
1
Successfully changed project path to: C:/KMSN/GitHub/TeamB2025GameJam/TeamB2025GameJam
C:/KMSN/GitHub/TeamB2025GameJam/TeamB2025GameJam
[UnityMemory] Configuration Parameters - Can be set up in boot.config
    "memorysetup-bucket-allocator-granularity=16"
    "memorysetup-bucket-allocator-bucket-count=8"
    "memorysetup-bucket-allocator-block-size=33554432"
    "memorysetup-bucket-allocator-block-count=8"
    "memorysetup-main-allocator-block-size=16777216"
    "memorysetup-thread-allocator-block-size=16777216"
    "memorysetup-gfx-main-allocator-block-size=16777216"
    "memorysetup-gfx-thread-allocator-block-size=16777216"
    "memorysetup-cache-allocator-block-size=4194304"
    "memorysetup-typetree-allocator-block-size=2097152"
    "memorysetup-profiler-bucket-allocator-granularity=16"
    "memorysetup-profiler-bucket-allocator-bucket-count=8"
    "memorysetup-profiler-bucket-allocator-block-size=33554432"
    "memorysetup-profiler-bucket-allocator-block-count=8"
    "memorysetup-profiler-allocator-block-size=16777216"
    "memorysetup-profiler-editor-allocator-block-size=1048576"
    "memorysetup-temp-allocator-size-main=16777216"
    "memorysetup-job-temp-allocator-block-size=2097152"
    "memorysetup-job-temp-allocator-block-size-background=1048576"
    "memorysetup-job-temp-allocator-reduction-small-platforms=262144"
    "memorysetup-allocator-temp-initial-block-size-main=262144"
    "memorysetup-allocator-temp-initial-block-size-worker=262144"
    "memorysetup-temp-allocator-size-background-worker=32768"
    "memorysetup-temp-allocator-size-job-worker=262144"
    "memorysetup-temp-allocator-size-preload-manager=33554432"
    "memorysetup-temp-allocator-size-nav-mesh-worker=65536"
    "memorysetup-temp-allocator-size-audio-worker=65536"
    "memorysetup-temp-allocator-size-cloud-worker=32768"
    "memorysetup-temp-allocator-size-gi-baking-worker=262144"
    "memorysetup-temp-allocator-size-gi-baking-worker=262144"
    "memorysetup-temp-allocator-size-gi-baking-worker=262144"
    "memorysetup-temp-allocator-size-gi-baking-worker=262144"
    "memorysetup-temp-allocator-size-gi-baking-worker=262144"
    "memorysetup-temp-allocator-size-gfx=262144"
Player connection [16288]  Target information:

Player connection [16288]  * "[IP] 192.168.1.83 [Port] 0 [Flags] 2 [Guid] 298561834 [EditorId] 298561834 [Version] 1048832 [Id] WindowsEditor(7,DESKTOP-0MMB0NQ) [Debug] 1 [PackageName] WindowsEditor [ProjectName] Editor" 

Player connection [16288] Host joined multi-casting on [225.0.0.222:54997]...
Player connection [16288] Host joined alternative multi-casting on [225.0.0.222:34997]...
JobSystem: Creating JobQueue using job-worker-count value 7
Input System module state changed to: Initialized.
[Physics::Module] Initialized fallback backend.
[Physics::Module] Id: 0xdecafbad
Library Redirect Path: Library/
[Physics::Module] Selected backend.
[Physics::Module] Name: PhysX
[Physics::Module] Id: 0xf2b8ea05
[Physics::Module] SDK Version: 4.1.2
[Physics::Module] Integration Version: 1.0.0
[Physics::Module] Threading Mode: Multi-Threaded
Refreshing native plugins compatible for Editor in 1.30 ms, found 3 plugins.
Preloading 0 native plugins for Editor in 0.00 ms.
Initialize engine version: 6000.0.34f1 (5ab2d9ed9190)
[Subsystems] Discovering subsystems at path C:/KMSN/Unity/GameEngine1/6000.0.34f1/Editor/Data/Resources/UnitySubsystems
[Subsystems] Discovering subsystems at path C:/KMSN/GitHub/TeamB2025GameJam/TeamB2025GameJam/Assets
GfxDevice: creating device client; kGfxThreadingModeNonThreaded
Direct3D:
    Version:  Direct3D 11.0 [level 11.1]
    Renderer: NVIDIA GeForce RTX 3050 Laptop GPU (ID=0x25a2)
    Vendor:   NVIDIA
    VRAM:     3991 MB
    Driver:   31.0.15.1766
Initialize mono
Mono path[0] = 'C:/KMSN/Unity/GameEngine1/6000.0.34f1/Editor/Data/Managed'
Mono path[1] = 'C:/KMSN/Unity/GameEngine1/6000.0.34f1/Editor/Data/MonoBleedingEdge/lib/mono/unityjit-win32'
Mono config path = 'C:/KMSN/Unity/GameEngine1/6000.0.34f1/Editor/Data/MonoBleedingEdge/etc'
Using monoOptions --debugger-agent=transport=dt_socket,embedding=1,server=y,suspend=n,address=127.0.0.1:56480
Begin MonoManager ReloadAssembly
Registering precompiled unity dll's ...
Register platform support module: C:/KMSN/Unity/GameEngine1/6000.0.34f1/Editor/Data/PlaybackEngines/WindowsStandaloneSupport/UnityEditor.WindowsStandalone.Extensions.dll
Register platform support module: C:/KMSN/Unity/GameEngine1/6000.0.34f1/Editor/Data/PlaybackEngines/AndroidPlayer/UnityEditor.Android.Extensions.dll
Registered in 0.003131 seconds.
- Loaded All Assemblies, in  0.331 seconds
Native extension for Android target not found
Android Extension - Scanning For ADB Devices 1728 ms
Native extension for WindowsStandalone target not found
Mono: successfully reloaded assembly
- Finished resetting the current domain, in  2.054 seconds
Domain Reload Profiling: 2383ms
	BeginReloadAssembly (110ms)
		ExecutionOrderSort (0ms)
		DisableScriptedObjects (0ms)
		BackupInstance (0ms)
		ReleaseScriptingObjects (0ms)
		CreateAndSetChildDomain (1ms)
	RebuildCommonClasses (30ms)
	RebuildNativeTypeToScriptingClass (9ms)
	initialDomainReloadingComplete (48ms)
	LoadAllAssembliesAndSetupDomain (131ms)
		LoadAssemblies (108ms)
		RebuildTransferFunctionScriptingTraits (0ms)
		AnalyzeDomain (128ms)
			TypeCache.Refresh (126ms)
				TypeCache.ScanAssembly (116ms)
			BuildScriptInfoCaches (0ms)
			ResolveRequiredComponents (0ms)
	FinalizeReload (2054ms)
		ReleaseScriptCaches (0ms)
		RebuildScriptCaches (0ms)
		SetupLoadedEditorAssemblies (2020ms)
			LogAssemblyErrors (0ms)
			InitializePlatformSupportModulesInManaged (1802ms)
			SetLoadedEditorAssemblies (4ms)
			BeforeProcessingInitializeOnLoad (44ms)
			ProcessInitializeOnLoadAttributes (118ms)
			ProcessInitializeOnLoadMethodAttributes (51ms)
			AfterProcessingInitializeOnLoad (0ms)
			EditorAssembliesLoaded (0ms)
		ExecutionOrderSort2 (0ms)
		AwakeInstancesAfterBackupRestoration (0ms)
========================================================================
Worker process is ready to serve import requests
Import Worker Mode flag is 0x00
Begin MonoManager ReloadAssembly
Unloading broken assembly Library/ScriptAssemblies/Unity.PlasticSCM.Editor.dll, this assembly can cause crashes in the runtime
- Loaded All Assemblies, in  0.726 seconds
Could not load signature of Unity.PlasticSCM.Editor.Views.CreateWorkspace.Dialogs.CreateRepositoryDialog:CreateRepository due to: Could not resolve type with token 0100009a from typeref (expected class 'PlasticGui.WebApi.IPlasticWebRestApi' in assembly 'unityplastic, Version=11.0.16.9031, Culture=neutral, PublicKeyToken=a107c9c6e34c8876') assembly:unityplastic, Version=11.0.16.9031, Culture=neutral, PublicKeyToken=a107c9c6e34c8876 type:PlasticGui.WebApi.IPlasticWebRestApi member:(null)
Could not load signature of Unity.PlasticSCM.Editor.Views.CreateWorkspace.Dialogs.CreateRepositoryDialog:Create due to: Could not resolve type with token 0100009a from typeref (expected class 'PlasticGui.WebApi.IPlasticWebRestApi' in assembly 'unityplastic, Version=11.0.16.9031, Culture=neutral, PublicKeyToken=a107c9c6e34c8876') assembly:unityplastic, Version=11.0.16.9031, Culture=neutral, PublicKeyToken=a107c9c6e34c8876 type:PlasticGui.WebApi.IPlasticWebRestApi member:(null)
Could not load signature of Unity.PlasticSCM.Editor.Views.CreateWorkspace.Dialogs.RepositoryExplorerDialog:BrowseRepository due to: Could not resolve type with token 0100009a from typeref (expected class 'PlasticGui.WebApi.IPlasticWebRestApi' in assembly 'unityplastic, Version=11.0.16.9031, Culture=neutral, PublicKeyToken=a107c9c6e34c8876') assembly:unityplastic, Version=11.0.16.9031, Culture=neutral, PublicKeyToken=a107c9c6e34c8876 type:PlasticGui.WebApi.IPlasticWebRestApi member:(null)
Could not load signature of Unity.PlasticSCM.Editor.Views.CreateWorkspace.Dialogs.RepositoryExplorerDialog:Create due to: Could not resolve type with token 0100009a from typeref (expected class 'PlasticGui.WebApi.IPlasticWebRestApi' in assembly 'unityplastic, Version=11.0.16.9031, Culture=neutral, PublicKeyToken=a107c9c6e34c8876') assembly:unityplastic, Version=11.0.16.9031, Culture=neutral, PublicKeyToken=a107c9c6e34c8876 type:PlasticGui.WebApi.IPlasticWebRestApi member:(null)
Could not load signature of Unity.PlasticSCM.Editor.Views.CreateWorkspace.Dialogs.RepositoryExplorerDialog:BuildComponents due to: Could not resolve type with token 0100009a from typeref (expected class 'PlasticGui.WebApi.IPlasticWebRestApi' in assembly 'unityplastic, Version=11.0.16.9031, Culture=neutral, PublicKeyToken=a107c9c6e34c8876') assembly:unityplastic, Version=11.0.16.9031, Culture=neutral, PublicKeyToken=a107c9c6e34c8876 type:PlasticGui.WebApi.IPlasticWebRestApi member:(null)
Could not load signature of Unity.PlasticSCM.Editor.Views.PendingChanges.Dialogs.DependenciesDialog:IncludeDependencies due to: Could not resolve type with token 010000b3 from typeref (expected class 'Codice.Client.BaseCommands.ChangeDependencies`1' in assembly 'unityplastic, Version=11.0.16.9031, Culture=neutral, PublicKeyToken=a107c9c6e34c8876') assembly:unityplastic, Version=11.0.16.9031, Culture=neutral, PublicKeyToken=a107c9c6e34c8876 type:Codice.Client.BaseCommands.ChangeDependencies`1 member:(null)
Could not load signature of Unity.PlasticSCM.Editor.Views.PendingChanges.Dialogs.DependenciesDialog:Create due to: Could not resolve type with token 010000b3 from typeref (expected class 'Codice.Client.BaseCommands.ChangeDependencies`1' in assembly 'unityplastic, Version=11.0.16.9031, Culture=neutral, PublicKeyToken=a107c9c6e34c8876') assembly:unityplastic, Version=11.0.16.9031, Culture=neutral, PublicKeyToken=a107c9c6e34c8876 type:Codice.Client.BaseCommands.ChangeDependencies`1 member:(null)
Could not load signature of Unity.PlasticSCM.Editor.Configuration.TeamEdition.TeamEditionConfigurationWindow:ShowWindow due to: Could not resolve type with token 0100009a from typeref (expected class 'PlasticGui.WebApi.IPlasticWebRestApi' in assembly 'unityplastic, Version=11.0.16.9031, Culture=neutral, PublicKeyToken=a107c9c6e34c8876') assembly:unityplastic, Version=11.0.16.9031, Culture=neutral, PublicKeyToken=a107c9c6e34c8876 type:PlasticGui.WebApi.IPlasticWebRestApi member:(null)
Refreshing native plugins compatible for Editor in 1.06 ms, found 3 plugins.
Could not load signature of Unity.PlasticSCM.Editor.Views.PendingChanges.Dialogs.DependenciesDialog:IncludeDependencies due to: Could not resolve type with token 010000b3 from typeref (expected class 'Codice.Client.BaseCommands.ChangeDependencies`1' in assembly 'unityplastic, Version=11.0.16.9031, Culture=neutral, PublicKeyToken=a107c9c6e34c8876') assembly:unityplastic, Version=11.0.16.9031, Culture=neutral, PublicKeyToken=a107c9c6e34c8876 type:Codice.Client.BaseCommands.ChangeDependencies`1 member:(null)
Could not load signature of Unity.PlasticSCM.Editor.Views.PendingChanges.Dialogs.DependenciesDialog:Create due to: Could not resolve type with token 010000b3 from typeref (expected class 'Codice.Client.BaseCommands.ChangeDependencies`1' in assembly 'unityplastic, Version=11.0.16.9031, Culture=neutral, PublicKeyToken=a107c9c6e34c8876') assembly:unityplastic, Version=11.0.16.9031, Culture=neutral, PublicKeyToken=a107c9c6e34c8876 type:Codice.Client.BaseCommands.ChangeDependencies`1 member:(null)
Could not load signature of Unity.PlasticSCM.Editor.Views.CreateWorkspace.Dialogs.RepositoryExplorerDialog:BrowseRepository due to: Could not resolve type with token 0100009a from typeref (expected class 'PlasticGui.WebApi.IPlasticWebRestApi' in assembly 'unityplastic, Version=11.0.16.9031, Culture=neutral, PublicKeyToken=a107c9c6e34c8876') assembly:unityplastic, Version=11.0.16.9031, Culture=neutral, PublicKeyToken=a107c9c6e34c8876 type:PlasticGui.WebApi.IPlasticWebRestApi member:(null)
Could not load signature of Unity.PlasticSCM.Editor.Views.CreateWorkspace.Dialogs.RepositoryExplorerDialog:Create due to: Could not resolve type with token 0100009a from typeref (expected class 'PlasticGui.WebApi.IPlasticWebRestApi' in assembly 'unityplastic, Version=11.0.16.9031, Culture=neutral, PublicKeyToken=a107c9c6e34c8876') assembly:unityplastic, Version=11.0.16.9031, Culture=neutral, PublicKeyToken=a107c9c6e34c8876 type:PlasticGui.WebApi.IPlasticWebRestApi member:(null)
Could not load signature of Unity.PlasticSCM.Editor.Views.CreateWorkspace.Dialogs.RepositoryExplorerDialog:BuildComponents due to: Could not resolve type with token 0100009a from typeref (expected class 'PlasticGui.WebApi.IPlasticWebRestApi' in assembly 'unityplastic, Version=11.0.16.9031, Culture=neutral, PublicKeyToken=a107c9c6e34c8876') assembly:unityplastic, Version=11.0.16.9031, Culture=neutral, PublicKeyToken=a107c9c6e34c8876 type:PlasticGui.WebApi.IPlasticWebRestApi member:(null)
Could not load signature of Unity.PlasticSCM.Editor.Configuration.TeamEdition.TeamEditionConfigurationWindow:ShowWindow due to: Could not resolve type with token 0100009a from typeref (expected class 'PlasticGui.WebApi.IPlasticWebRestApi' in assembly 'unityplastic, Version=11.0.16.9031, Culture=neutral, PublicKeyToken=a107c9c6e34c8876') assembly:unityplastic, Version=11.0.16.9031, Culture=neutral, PublicKeyToken=a107c9c6e34c8876 type:PlasticGui.WebApi.IPlasticWebRestApi member:(null)
Could not load signature of Unity.PlasticSCM.Editor.Views.CreateWorkspace.Dialogs.CreateRepositoryDialog:CreateRepository due to: Could not resolve type with token 0100009a from typeref (expected class 'PlasticGui.WebApi.IPlasticWebRestApi' in assembly 'unityplastic, Version=11.0.16.9031, Culture=neutral, PublicKeyToken=a107c9c6e34c8876') assembly:unityplastic, Version=11.0.16.9031, Culture=neutral, PublicKeyToken=a107c9c6e34c8876 type:PlasticGui.WebApi.IPlasticWebRestApi member:(null)
Could not load signature of Unity.PlasticSCM.Editor.Views.CreateWorkspace.Dialogs.CreateRepositoryDialog:Create due to: Could not resolve type with token 0100009a from typeref (expected class 'PlasticGui.WebApi.IPlasticWebRestApi' in assembly 'unityplastic, Version=11.0.16.9031, Culture=neutral, PublicKeyToken=a107c9c6e34c8876') assembly:unityplastic, Version=11.0.16.9031, Culture=neutral, PublicKeyToken=a107c9c6e34c8876 type:PlasticGui.WebApi.IPlasticWebRestApi member:(null)
Native extension for Android target not found
Native extension for WindowsStandalone target not found
Mono: successfully reloaded assembly
- Finished resetting the current domain, in  1.752 seconds
Domain Reload Profiling: 2475ms
	BeginReloadAssembly (163ms)
		ExecutionOrderSort (0ms)
		DisableScriptedObjects (6ms)
		BackupInstance (0ms)
		ReleaseScriptingObjects (0ms)
		CreateAndSetChildDomain (24ms)
	RebuildCommonClasses (30ms)
	RebuildNativeTypeToScriptingClass (11ms)
	initialDomainReloadingComplete (32ms)
	LoadAllAssembliesAndSetupDomain (486ms)
		LoadAssemblies (373ms)
		RebuildTransferFunctionScriptingTraits (0ms)
		AnalyzeDomain (208ms)
			TypeCache.Refresh (168ms)
				TypeCache.ScanAssembly (156ms)
			BuildScriptInfoCaches (33ms)
			ResolveRequiredComponents (4ms)
	FinalizeReload (1753ms)
		ReleaseScriptCaches (0ms)
		RebuildScriptCaches (0ms)
		SetupLoadedEditorAssemblies (1645ms)
			LogAssemblyErrors (0ms)
			InitializePlatformSupportModulesInManaged (10ms)
			SetLoadedEditorAssemblies (5ms)
			BeforeProcessingInitializeOnLoad (103ms)
			ProcessInitializeOnLoadAttributes (1470ms)
			ProcessInitializeOnLoadMethodAttributes (48ms)
			AfterProcessingInitializeOnLoad (8ms)
			EditorAssembliesLoaded (1ms)
		ExecutionOrderSort2 (0ms)
		AwakeInstancesAfterBackupRestoration (9ms)
Launched and connected shader compiler UnityShaderCompiler.exe after 0.01 seconds
Refreshing native plugins compatible for Editor in 1.21 ms, found 3 plugins.
Preloading 0 native plugins for Editor in 0.00 ms.
Unloading 8 Unused Serialized files (Serialized files now loaded: 0)
Unloading 3672 unused Assets / (1.0 MB). Loaded Objects now: 4158.
Memory consumption went from 86.8 MB to 85.8 MB.
Total: 4.984400 ms (FindLiveObjects: 0.305600 ms CreateObjectMapping: 0.251800 ms MarkObjects: 3.491000 ms  DeleteObjects: 0.934100 ms)

========================================================================
Received Prepare
Begin MonoManager ReloadAssembly
- Loaded All Assemblies, in  0.567 seconds
Refreshing native plugins compatible for Editor in 0.76 ms, found 3 plugins.
Native extension for Android target not found
Native extension for WindowsStandalone target not found
Mono: successfully reloaded assembly
- Finished resetting the current domain, in  0.581 seconds
Domain Reload Profiling: 1147ms
	BeginReloadAssembly (160ms)
		ExecutionOrderSort (0ms)
		DisableScriptedObjects (4ms)
		BackupInstance (0ms)
		ReleaseScriptingObjects (0ms)
		CreateAndSetChildDomain (35ms)
	RebuildCommonClasses (32ms)
	RebuildNativeTypeToScriptingClass (10ms)
	initialDomainReloadingComplete (23ms)
	LoadAllAssembliesAndSetupDomain (340ms)
		LoadAssemblies (275ms)
		RebuildTransferFunctionScriptingTraits (0ms)
		AnalyzeDomain (148ms)
			TypeCache.Refresh (53ms)
				TypeCache.ScanAssembly (45ms)
			BuildScriptInfoCaches (88ms)
			ResolveRequiredComponents (4ms)
	FinalizeReload (581ms)
		ReleaseScriptCaches (0ms)
		RebuildScriptCaches (0ms)
		SetupLoadedEditorAssemblies (482ms)
			LogAssemblyErrors (0ms)
			InitializePlatformSupportModulesInManaged (11ms)
			SetLoadedEditorAssemblies (5ms)
			BeforeProcessingInitializeOnLoad (105ms)
			ProcessInitializeOnLoadAttributes (332ms)
			ProcessInitializeOnLoadMethodAttributes (24ms)
			AfterProcessingInitializeOnLoad (5ms)
			EditorAssembliesLoaded (0ms)
		ExecutionOrderSort2 (0ms)
		AwakeInstancesAfterBackupRestoration (5ms)
Refreshing native plugins compatible for Editor in 0.87 ms, found 3 plugins.
Preloading 0 native plugins for Editor in 0.00 ms.
Unloading 1 Unused Serialized files (Serialized files now loaded: 0)
Unloading 3801 unused Assets / (1.0 MB). Loaded Objects now: 4290.
Memory consumption went from 86.4 MB to 85.4 MB.
Total: 4.586800 ms (FindLiveObjects: 0.304600 ms CreateObjectMapping: 0.247400 ms MarkObjects: 3.200100 ms  DeleteObjects: 0.833700 ms)

Prepare: number of updated asset objects reloaded= 0
========================================================================
Received Import Request.
  Time since last request: 2158637.073459 seconds.
  path: Assets/InputSystem_Actions.inputactions
  artifactKey: Guid(289c1b55c9541489481df5cc06664110) Importer(815301076,1909f56bfc062723c751e8b465ee728b)
Start importing Assets/InputSystem_Actions.inputactions using Guid(289c1b55c9541489481df5cc06664110) Importer(815301076,1909f56bfc062723c751e8b465ee728b) (PreviewImporter) -> (artifact id: 'e7e9e64a58fecfdcde77304e1331e7f3') in 0.0232193 seconds
Number of updated asset objects reloaded before import = 0Number of asset objects unloaded after import = 19

