Using pre-set license
Built from '6000.0/staging' branch; Version is '6000.0.34f1 (5ab2d9ed9190) revision 5944025'; Using compiler version '193933523'; Build Type 'Release'
OS: 'Windows 11  (10.0.26100) 64bit Professional' Language: 'ja' Physical Memory: 16085 MB
BatchMode: 1, IsHumanControllingUs: 0, StartBugReporterOnCrash: 0, Is64bit: 1, IsPro: 1

COMMAND LINE ARGUMENTS:
C:\Program Files\Unity\Hub\Editor\6000.0.34f1\Editor\Unity.exe
-adb2
-batchMode
-noUpm
-name
AssetImportWorker0
-projectPath
C:/GitHub/TeamB2025GameJam/TeamB2025GameJam
-logFile
Logs/AssetImportWorker0.log
-srvPort
50717
-job-worker-count
7
-background-job-worker-count
8
-gc-helper-count
1
Successfully changed project path to: C:/GitHub/TeamB2025GameJam/TeamB2025GameJam
C:/GitHub/TeamB2025GameJam/TeamB2025GameJam
[UnityMemory] Configuration Parameters - Can be set up in boot.config
    "memorysetup-bucket-allocator-granularity=16"
    "memorysetup-bucket-allocator-bucket-count=8"
    "memorysetup-bucket-allocator-block-size=33554432"
    "memorysetup-bucket-allocator-block-count=8"
    "memorysetup-main-allocator-block-size=16777216"
    "memorysetup-thread-allocator-block-size=16777216"
    "memorysetup-gfx-main-allocator-block-size=16777216"
    "memorysetup-gfx-thread-allocator-block-size=16777216"
    "memorysetup-cache-allocator-block-size=4194304"
    "memorysetup-typetree-allocator-block-size=2097152"
    "memorysetup-profiler-bucket-allocator-granularity=16"
    "memorysetup-profiler-bucket-allocator-bucket-count=8"
    "memorysetup-profiler-bucket-allocator-block-size=33554432"
    "memorysetup-profiler-bucket-allocator-block-count=8"
    "memorysetup-profiler-allocator-block-size=16777216"
    "memorysetup-profiler-editor-allocator-block-size=1048576"
    "memorysetup-temp-allocator-size-main=16777216"
    "memorysetup-job-temp-allocator-block-size=2097152"
    "memorysetup-job-temp-allocator-block-size-background=1048576"
    "memorysetup-job-temp-allocator-reduction-small-platforms=262144"
    "memorysetup-allocator-temp-initial-block-size-main=262144"
    "memorysetup-allocator-temp-initial-block-size-worker=262144"
    "memorysetup-temp-allocator-size-background-worker=32768"
    "memorysetup-temp-allocator-size-job-worker=262144"
    "memorysetup-temp-allocator-size-preload-manager=33554432"
    "memorysetup-temp-allocator-size-nav-mesh-worker=65536"
    "memorysetup-temp-allocator-size-audio-worker=65536"
    "memorysetup-temp-allocator-size-cloud-worker=32768"
    "memorysetup-temp-allocator-size-gi-baking-worker=262144"
    "memorysetup-temp-allocator-size-gi-baking-worker=262144"
    "memorysetup-temp-allocator-size-gi-baking-worker=262144"
    "memorysetup-temp-allocator-size-gi-baking-worker=262144"
    "memorysetup-temp-allocator-size-gi-baking-worker=262144"
    "memorysetup-temp-allocator-size-gfx=262144"
Player connection [24664]  Target information:

Player connection [24664]  * "[IP] 192.168.1.46 [Port] 0 [Flags] 2 [Guid] 3289796052 [EditorId] 3289796052 [Version] 1048832 [Id] WindowsEditor(7,MSI) [Debug] 1 [PackageName] WindowsEditor [ProjectName] Editor" 

Player connection [24664] Host joined multi-casting on [225.0.0.222:54997]...
Player connection [24664] Host joined alternative multi-casting on [225.0.0.222:34997]...
JobSystem: Creating JobQueue using job-worker-count value 7
Input System module state changed to: Initialized.
[Physics::Module] Initialized fallback backend.
[Physics::Module] Id: 0xdecafbad
Library Redirect Path: Library/
[Physics::Module] Selected backend.
[Physics::Module] Name: PhysX
[Physics::Module] Id: 0xf2b8ea05
[Physics::Module] SDK Version: 4.1.2
[Physics::Module] Integration Version: 1.0.0
[Physics::Module] Threading Mode: Multi-Threaded
Refreshing native plugins compatible for Editor in 1.69 ms, found 3 plugins.
Preloading 0 native plugins for Editor in 0.00 ms.
Initialize engine version: 6000.0.34f1 (5ab2d9ed9190)
[Subsystems] Discovering subsystems at path C:/Program Files/Unity/Hub/Editor/6000.0.34f1/Editor/Data/Resources/UnitySubsystems
[Subsystems] Discovering subsystems at path C:/GitHub/TeamB2025GameJam/TeamB2025GameJam/Assets
GfxDevice: creating device client; kGfxThreadingModeNonThreaded
Direct3D:
    Version:  Direct3D 11.0 [level 11.1]
    Renderer: NVIDIA GeForce RTX 3050 Laptop GPU (ID=0x25a2)
    Vendor:   NVIDIA
    VRAM:     3965 MB
    Driver:   32.0.15.5599
Initialize mono
Mono path[0] = 'C:/Program Files/Unity/Hub/Editor/6000.0.34f1/Editor/Data/Managed'
Mono path[1] = 'C:/Program Files/Unity/Hub/Editor/6000.0.34f1/Editor/Data/MonoBleedingEdge/lib/mono/unityjit-win32'
Mono config path = 'C:/Program Files/Unity/Hub/Editor/6000.0.34f1/Editor/Data/MonoBleedingEdge/etc'
Using monoOptions --debugger-agent=transport=dt_socket,embedding=1,server=y,suspend=n,address=127.0.0.1:56856
Begin MonoManager ReloadAssembly
Registering precompiled unity dll's ...
Register platform support module: C:/Program Files/Unity/Hub/Editor/6000.0.34f1/Editor/Data/PlaybackEngines/WebGLSupport/UnityEditor.WebGL.Extensions.dll
Register platform support module: C:/Program Files/Unity/Hub/Editor/6000.0.34f1/Editor/Data/PlaybackEngines/WindowsStandaloneSupport/UnityEditor.WindowsStandalone.Extensions.dll
Register platform support module: C:/Program Files/Unity/Hub/Editor/6000.0.34f1/Editor/Data/PlaybackEngines/AndroidPlayer/UnityEditor.Android.Extensions.dll
Register platform support module: C:/Program Files/Unity/Hub/Editor/6000.0.34f1/Editor/Data/PlaybackEngines/iOSSupport/UnityEditor.iOS.Extensions.dll
Registered in 0.008815 seconds.
- Loaded All Assemblies, in  0.546 seconds
Native extension for iOS target not found
Native extension for Android target not found
Native extension for WindowsStandalone target not found
Native extension for WebGL target not found
Mono: successfully reloaded assembly
- Finished resetting the current domain, in  0.453 seconds
Domain Reload Profiling: 996ms
	BeginReloadAssembly (177ms)
		ExecutionOrderSort (0ms)
		DisableScriptedObjects (0ms)
		BackupInstance (0ms)
		ReleaseScriptingObjects (0ms)
		CreateAndSetChildDomain (1ms)
	RebuildCommonClasses (49ms)
	RebuildNativeTypeToScriptingClass (16ms)
	initialDomainReloadingComplete (77ms)
	LoadAllAssembliesAndSetupDomain (223ms)
		LoadAssemblies (174ms)
		RebuildTransferFunctionScriptingTraits (0ms)
		AnalyzeDomain (218ms)
			TypeCache.Refresh (216ms)
				TypeCache.ScanAssembly (200ms)
			BuildScriptInfoCaches (0ms)
			ResolveRequiredComponents (1ms)
	FinalizeReload (453ms)
		ReleaseScriptCaches (0ms)
		RebuildScriptCaches (0ms)
		SetupLoadedEditorAssemblies (401ms)
			LogAssemblyErrors (0ms)
			InitializePlatformSupportModulesInManaged (98ms)
			SetLoadedEditorAssemblies (5ms)
			BeforeProcessingInitializeOnLoad (69ms)
			ProcessInitializeOnLoadAttributes (149ms)
			ProcessInitializeOnLoadMethodAttributes (79ms)
			AfterProcessingInitializeOnLoad (0ms)
			EditorAssembliesLoaded (0ms)
		ExecutionOrderSort2 (0ms)
		AwakeInstancesAfterBackupRestoration (0ms)
========================================================================
Worker process is ready to serve import requests
Import Worker Mode flag is 0x00
Begin MonoManager ReloadAssembly
- Loaded All Assemblies, in  0.886 seconds
Refreshing native plugins compatible for Editor in 1.44 ms, found 3 plugins.
Native extension for iOS target not found
Native extension for Android target not found
Native extension for WindowsStandalone target not found
Native extension for WebGL target not found
Mono: successfully reloaded assembly
- Finished resetting the current domain, in  0.829 seconds
Domain Reload Profiling: 1710ms
	BeginReloadAssembly (219ms)
		ExecutionOrderSort (0ms)
		DisableScriptedObjects (8ms)
		BackupInstance (0ms)
		ReleaseScriptingObjects (0ms)
		CreateAndSetChildDomain (38ms)
	RebuildCommonClasses (48ms)
	RebuildNativeTypeToScriptingClass (16ms)
	initialDomainReloadingComplete (49ms)
	LoadAllAssembliesAndSetupDomain (549ms)
		LoadAssemblies (410ms)
		RebuildTransferFunctionScriptingTraits (0ms)
		AnalyzeDomain (271ms)
			TypeCache.Refresh (207ms)
				TypeCache.ScanAssembly (190ms)
			BuildScriptInfoCaches (54ms)
			ResolveRequiredComponents (6ms)
	FinalizeReload (829ms)
		ReleaseScriptCaches (0ms)
		RebuildScriptCaches (0ms)
		SetupLoadedEditorAssemblies (686ms)
			LogAssemblyErrors (0ms)
			InitializePlatformSupportModulesInManaged (20ms)
			SetLoadedEditorAssemblies (7ms)
			BeforeProcessingInitializeOnLoad (174ms)
			ProcessInitializeOnLoadAttributes (439ms)
			ProcessInitializeOnLoadMethodAttributes (37ms)
			AfterProcessingInitializeOnLoad (8ms)
			EditorAssembliesLoaded (0ms)
		ExecutionOrderSort2 (0ms)
		AwakeInstancesAfterBackupRestoration (7ms)
Launched and connected shader compiler UnityShaderCompiler.exe after 0.02 seconds
Refreshing native plugins compatible for Editor in 2.01 ms, found 3 plugins.
Preloading 0 native plugins for Editor in 0.00 ms.
Unloading 8 Unused Serialized files (Serialized files now loaded: 0)
Unloading 3803 unused Assets / (1.1 MB). Loaded Objects now: 4289.
Memory consumption went from 87.4 MB to 86.4 MB.
Total: 7.391900 ms (FindLiveObjects: 0.473200 ms CreateObjectMapping: 0.369200 ms MarkObjects: 5.188700 ms  DeleteObjects: 1.359500 ms)

========================================================================
Received Import Request.
  Time since last request: 1907263.183204 seconds.
  path: Assets/InputSystem_Actions.inputactions
  artifactKey: Guid(289c1b55c9541489481df5cc06664110) Importer(815301076,1909f56bfc062723c751e8b465ee728b)
Start importing Assets/InputSystem_Actions.inputactions using Guid(289c1b55c9541489481df5cc06664110) Importer(815301076,1909f56bfc062723c751e8b465ee728b) (PreviewImporter) -> (artifact id: '4960200e41d6987b56b3a9f727feaef9') in 0.0297961 seconds
Number of updated asset objects reloaded before import = 0Number of asset objects unloaded after import = 20

========================================================================
Received Import Request.
  Time since last request: 24.720141 seconds.
  path: Assets/Masaki
  artifactKey: Guid(3323e10427202a543bd26655f1a3fdcd) Importer(815301076,1909f56bfc062723c751e8b465ee728b)
Start importing Assets/Masaki using Guid(3323e10427202a543bd26655f1a3fdcd) Importer(815301076,1909f56bfc062723c751e8b465ee728b) (PreviewImporter) -> (artifact id: 'b3f0790f875950261771dc0701428787') in 0.0005094 seconds
Number of updated asset objects reloaded before import = 0Number of asset objects unloaded after import = 0

========================================================================
Received Import Request.
  Time since last request: 30.833421 seconds.
  path: Assets/Masaki/Script
  artifactKey: Guid(ffbfd9ec98563ef4ca362490e9cf070f) Importer(815301076,1909f56bfc062723c751e8b465ee728b)
Start importing Assets/Masaki/Script using Guid(ffbfd9ec98563ef4ca362490e9cf070f) Importer(815301076,1909f56bfc062723c751e8b465ee728b) (PreviewImporter) -> (artifact id: '7c20f039eb734a18cbe2b6fe2a7cdefd') in 0.0006196 seconds
Number of updated asset objects reloaded before import = 0Number of asset objects unloaded after import = 0

========================================================================
Received Prepare
Refreshing native plugins compatible for Editor in 2.24 ms, found 3 plugins.
Preloading 0 native plugins for Editor in 0.00 ms.
Unloading 2 Unused Serialized files (Serialized files now loaded: 0)
Unloading 3949 unused Assets / (1.0 MB). Loaded Objects now: 4445.
Memory consumption went from 87.0 MB to 86.0 MB.
Total: 8.701000 ms (FindLiveObjects: 0.434600 ms CreateObjectMapping: 0.310400 ms MarkObjects: 6.790600 ms  DeleteObjects: 1.163900 ms)

Prepare: number of updated asset objects reloaded= 0
========================================================================
Received Prepare
Begin MonoManager ReloadAssembly
- Loaded All Assemblies, in  1.143 seconds
Refreshing native plugins compatible for Editor in 1.29 ms, found 3 plugins.
Assertion failed on expression: 'pred(*previous, *i)'
Assertion failed on expression: 'pred(*previous, *i)'
Assertion failed on expression: 'pred(*previous, *i)'
Assertion failed on expression: 'pred(*previous, *i)'
Assertion failed on expression: 'pred(*previous, *i)'
Assertion failed on expression: 'pred(*previous, *i)'
Assertion failed on expression: 'pred(*previous, *i)'
Assertion failed on expression: 'pred(*previous, *i)'
Assertion failed on expression: 'pred(*previous, *i)'
Assertion failed on expression: 'pred(*previous, *i)'
Assertion failed on expression: 'pred(*previous, *i)'
Assertion failed on expression: 'pred(*previous, *i)'
Assertion failed on expression: 'pred(*previous, *i)'
Assertion failed on expression: 'pred(*previous, *i)'
Assertion failed on expression: 'pred(*previous, *i)'
Assertion failed on expression: 'pred(*previous, *i)'
Assertion failed on expression: 'pred(*previous, *i)'
Assertion failed on expression: 'pred(*previous, *i)'
Assertion failed on expression: 'pred(*previous, *i)'
Assertion failed on expression: 'pred(*previous, *i)'
Assertion failed on expression: 'pred(*previous, *i)'
Assertion failed on expression: 'pred(*previous, *i)'
Assertion failed on expression: 'pred(*previous, *i)'
Assertion failed on expression: 'pred(*previous, *i)'
Assertion failed on expression: 'pred(*previous, *i)'
Assertion failed on expression: 'pred(*previous, *i)'
Assertion failed on expression: 'pred(*previous, *i)'
Assertion failed on expression: 'pred(*previous, *i)'
Assertion failed on expression: 'pred(*previous, *i)'
Assertion failed on expression: 'pred(*previous, *i)'
Assertion failed on expression: 'pred(*previous, *i)'
Assertion failed on expression: 'pred(*previous, *i)'
Assertion failed on expression: 'pred(*previous, *i)'
Assertion failed on expression: 'pred(*previous, *i)'
Assertion failed on expression: 'pred(*previous, *i)'
Assertion failed on expression: 'pred(*previous, *i)'
Assertion failed on expression: 'pred(*previous, *i)'
Assertion failed on expression: 'pred(*previous, *i)'
Assertion failed on expression: 'pred(*previous, *i)'
Assertion failed on expression: 'pred(*previous, *i)'
Assertion failed on expression: 'pred(*previous, *i)'
Assertion failed on expression: 'pred(*previous, *i)'
Assertion failed on expression: 'pred(*previous, *i)'
Assertion failed on expression: 'pred(*previous, *i)'
Assertion failed on expression: 'pred(*previous, *i)'
Assertion failed on expression: 'pred(*previous, *i)'
Assertion failed on expression: 'pred(*previous, *i)'
Assertion failed on expression: 'pred(*previous, *i)'
Assertion failed on expression: 'pred(*previous, *i)'
Assertion failed on expression: 'pred(*previous, *i)'
Assertion failed on expression: 'pred(*previous, *i)'
Assertion failed on expression: 'pred(*previous, *i)'
Assertion failed on expression: 'pred(*previous, *i)'
Assertion failed on expression: 'pred(*previous, *i)'
Assertion failed on expression: 'pred(*previous, *i)'
Assertion failed on expression: 'pred(*previous, *i)'
Assertion failed on expression: 'pred(*previous, *i)'
Assertion failed on expression: 'pred(*previous, *i)'
Assertion failed on expression: 'pred(*previous, *i)'
Assertion failed on expression: 'pred(*previous, *i)'
Assertion failed on expression: 'pred(*previous, *i)'
Assertion failed on expression: 'pred(*previous, *i)'
Assertion failed on expression: 'pred(*previous, *i)'
Assertion failed on expression: 'pred(*previous, *i)'
Assertion failed on expression: 'pred(*previous, *i)'
Assertion failed on expression: 'pred(*previous, *i)'
Assertion failed on expression: 'pred(*previous, *i)'
Assertion failed on expression: 'pred(*previous, *i)'
Assertion failed on expression: 'pred(*previous, *i)'
Assertion failed on expression: 'pred(*previous, *i)'
Assertion failed on expression: 'pred(*previous, *i)'
Assertion failed on expression: 'pred(*previous, *i)'
Assertion failed on expression: 'pred(*previous, *i)'
Assertion failed on expression: 'pred(*previous, *i)'
Assertion failed on expression: 'pred(*previous, *i)'
Assertion failed on expression: 'pred(*previous, *i)'
Assertion failed on expression: 'pred(*previous, *i)'
Assertion failed on expression: 'pred(*previous, *i)'
Assertion failed on expression: 'pred(*previous, *i)'
Assertion failed on expression: 'pred(*previous, *i)'
Assertion failed on expression: 'pred(*previous, *i)'
Assertion failed on expression: 'pred(*previous, *i)'
Assertion failed on expression: 'pred(*previous, *i)'
Assertion failed on expression: 'pred(*previous, *i)'
Assertion failed on expression: 'pred(*previous, *i)'
Assertion failed on expression: 'pred(*previous, *i)'
Assertion failed on expression: 'pred(*previous, *i)'
Assertion failed on expression: 'pred(*previous, *i)'
Assertion failed on expression: 'pred(*previous, *i)'
Assertion failed on expression: 'pred(*previous, *i)'
Assertion failed on expression: 'pred(*previous, *i)'
Assertion failed on expression: 'pred(*previous, *i)'
Assertion failed on expression: 'pred(*previous, *i)'
Assertion failed on expression: 'pred(*previous, *i)'
Assertion failed on expression: 'pred(*previous, *i)'
Assertion failed on expression: 'pred(*previous, *i)'
Assertion failed on expression: 'pred(*previous, *i)'
Assertion failed on expression: 'pred(*previous, *i)'
Assertion failed on expression: 'pred(*previous, *i)'
Assertion failed on expression: 'pred(*previous, *i)'
Assertion failed on expression: 'pred(*previous, *i)'
Assertion failed on expression: 'pred(*previous, *i)'
Assertion failed on expression: 'pred(*previous, *i)'
Assertion failed on expression: 'pred(*previous, *i)'
Assertion failed on expression: 'pred(*previous, *i)'
Assertion failed on expression: 'pred(*previous, *i)'
Assertion failed on expression: 'pred(*previous, *i)'
Native extension for iOS target not found
Native extension for Android target not found
Native extension for WindowsStandalone target not found
Native extension for WebGL target not found
[MODES] ModeService[none].Initialize
[MODES] ModeService[none].LoadModes
[MODES] Loading mode Default (0) for mode-current-id-TeamB2025GameJam
Mono: successfully reloaded assembly
- Finished resetting the current domain, in  1.393 seconds
Domain Reload Profiling: 2534ms
	BeginReloadAssembly (310ms)
		ExecutionOrderSort (0ms)
		DisableScriptedObjects (14ms)
		BackupInstance (0ms)
		ReleaseScriptingObjects (0ms)
		CreateAndSetChildDomain (65ms)
	RebuildCommonClasses (55ms)
	RebuildNativeTypeToScriptingClass (16ms)
	initialDomainReloadingComplete (39ms)
	LoadAllAssembliesAndSetupDomain (720ms)
		LoadAssemblies (472ms)
		RebuildTransferFunctionScriptingTraits (0ms)
		AnalyzeDomain (395ms)
			TypeCache.Refresh (152ms)
				TypeCache.ScanAssembly (135ms)
			BuildScriptInfoCaches (226ms)
			ResolveRequiredComponents (12ms)
	FinalizeReload (1394ms)
		ReleaseScriptCaches (0ms)
		RebuildScriptCaches (0ms)
		SetupLoadedEditorAssemblies (1197ms)
			LogAssemblyErrors (0ms)
			InitializePlatformSupportModulesInManaged (38ms)
			SetLoadedEditorAssemblies (19ms)
			BeforeProcessingInitializeOnLoad (295ms)
			ProcessInitializeOnLoadAttributes (784ms)
			ProcessInitializeOnLoadMethodAttributes (50ms)
			AfterProcessingInitializeOnLoad (10ms)
			EditorAssembliesLoaded (0ms)
		ExecutionOrderSort2 (0ms)
		AwakeInstancesAfterBackupRestoration (14ms)
Refreshing native plugins compatible for Editor in 2.41 ms, found 3 plugins.
Preloading 0 native plugins for Editor in 0.00 ms.
Unloading 5 Unused Serialized files (Serialized files now loaded: 0)
Unloading 4330 unused Assets / (1.3 MB). Loaded Objects now: 4814.
Memory consumption went from 91.2 MB to 89.9 MB.
Total: 11.268700 ms (FindLiveObjects: 0.527600 ms CreateObjectMapping: 0.478000 ms MarkObjects: 7.628900 ms  DeleteObjects: 2.632900 ms)

Prepare: number of updated asset objects reloaded= 0
========================================================================
Received Import Request.
  Time since last request: 1747.040628 seconds.
  path: Assets/Emerald AI/Scripts/Shaders/Emerald AI UI.mat
  artifactKey: Guid(cce48990f153b024382daddf97052769) Importer(815301076,1909f56bfc062723c751e8b465ee728b)
Start importing Assets/Emerald AI/Scripts/Shaders/Emerald AI UI.mat using Guid(cce48990f153b024382daddf97052769) Importer(815301076,1909f56bfc062723c751e8b465ee728b) (PreviewImporter) -> (artifact id: 'e246f6b906a06a106f5e81942e49a6c3') in 0.1372352 seconds
Number of updated asset objects reloaded before import = 0Number of asset objects unloaded after import = 2

========================================================================
Received Import Request.
  Time since last request: 567.268492 seconds.
  path: Assets/Emerald AI/Scripts/Components/Optional/Cover/CoverAnimationTypes.cs
  artifactKey: Guid(8084e5efbfbb9ae4195a5fd4532cd0eb) Importer(815301076,1909f56bfc062723c751e8b465ee728b)
Start importing Assets/Emerald AI/Scripts/Components/Optional/Cover/CoverAnimationTypes.cs using Guid(8084e5efbfbb9ae4195a5fd4532cd0eb) Importer(815301076,1909f56bfc062723c751e8b465ee728b) (PreviewImporter) -> (artifact id: '0929fc6bcf7183b05f4ff598ab8e6fcd') in 0.0011347 seconds
Number of updated asset objects reloaded before import = 0Number of asset objects unloaded after import = 0

========================================================================
Received Import Request.
  Time since last request: 19.160231 seconds.
  path: Assets/Emerald AI/Scripts/Components/Optional/Cover/CoverNode.cs
  artifactKey: Guid(1863600d44cbfb84d9a840c6bbc77ed8) Importer(815301076,1909f56bfc062723c751e8b465ee728b)
Start importing Assets/Emerald AI/Scripts/Components/Optional/Cover/CoverNode.cs using Guid(1863600d44cbfb84d9a840c6bbc77ed8) Importer(815301076,1909f56bfc062723c751e8b465ee728b) (PreviewImporter) -> (artifact id: '2faef7f03c76c1995ffda4f5c6d7b8cf') in 0.0007231 seconds
Number of updated asset objects reloaded before import = 0Number of asset objects unloaded after import = 0

========================================================================
Received Import Request.
  Time since last request: 8.078216 seconds.
  path: Assets/Emerald AI/Scripts/Components/Optional/Cover/EmeraldCover.cs
  artifactKey: Guid(805b8f4a866f6c543ba157b6f58708cd) Importer(815301076,1909f56bfc062723c751e8b465ee728b)
Start importing Assets/Emerald AI/Scripts/Components/Optional/Cover/EmeraldCover.cs using Guid(805b8f4a866f6c543ba157b6f58708cd) Importer(815301076,1909f56bfc062723c751e8b465ee728b) (PreviewImporter) -> (artifact id: '624ecc2c1a7041bf9259cb0c3138a4b2') in 0.000601 seconds
Number of updated asset objects reloaded before import = 0Number of asset objects unloaded after import = 0

========================================================================
Received Import Request.
  Time since last request: 6.832840 seconds.
  path: Assets/Emerald AI/Scripts/Components/Optional/Editor/EmeraldDebuggerEditor.cs
  artifactKey: Guid(295035266ae8e2341a752fe321ec1835) Importer(815301076,1909f56bfc062723c751e8b465ee728b)
Start importing Assets/Emerald AI/Scripts/Components/Optional/Editor/EmeraldDebuggerEditor.cs using Guid(295035266ae8e2341a752fe321ec1835) Importer(815301076,1909f56bfc062723c751e8b465ee728b) (PreviewImporter) -> (artifact id: '896eb6bc51c4c20c84d6701b927362ea') in 0.0006755 seconds
Number of updated asset objects reloaded before import = 0Number of asset objects unloaded after import = 0

========================================================================
Received Import Request.
  Time since last request: 5.177033 seconds.
  path: Assets/Emerald AI/Scripts/Components/Optional/Editor/EmeraldDecalsEditor.cs
  artifactKey: Guid(c657656153adede498c04dabbcf02587) Importer(815301076,1909f56bfc062723c751e8b465ee728b)
Start importing Assets/Emerald AI/Scripts/Components/Optional/Editor/EmeraldDecalsEditor.cs using Guid(c657656153adede498c04dabbcf02587) Importer(815301076,1909f56bfc062723c751e8b465ee728b) (PreviewImporter) -> (artifact id: 'c0ad29dd78b69ff6bcfe2be1f2f3359c') in 0.0006268 seconds
Number of updated asset objects reloaded before import = 0Number of asset objects unloaded after import = 0

========================================================================
Received Import Request.
  Time since last request: 3.621388 seconds.
  path: Assets/Emerald AI/Scripts/Components/Optional/Editor/EmeraldEventsEditor.cs
  artifactKey: Guid(d532acd61a9e93241b65e8c68adc9fb3) Importer(815301076,1909f56bfc062723c751e8b465ee728b)
Start importing Assets/Emerald AI/Scripts/Components/Optional/Editor/EmeraldEventsEditor.cs using Guid(d532acd61a9e93241b65e8c68adc9fb3) Importer(815301076,1909f56bfc062723c751e8b465ee728b) (PreviewImporter) -> (artifact id: '462c12d9be98d0db3c9394a45ff39b24') in 0.0006362 seconds
Number of updated asset objects reloaded before import = 0Number of asset objects unloaded after import = 0

========================================================================
Received Import Request.
  Time since last request: 7.014784 seconds.
  path: Assets/Emerald AI/Scripts/Components/Optional/Editor/EmeraldFootstepsEditor.cs
  artifactKey: Guid(c257186aedb9a2e44b877547b14730a9) Importer(815301076,1909f56bfc062723c751e8b465ee728b)
Start importing Assets/Emerald AI/Scripts/Components/Optional/Editor/EmeraldFootstepsEditor.cs using Guid(c257186aedb9a2e44b877547b14730a9) Importer(815301076,1909f56bfc062723c751e8b465ee728b) (PreviewImporter) -> (artifact id: 'd38f3e4e56adf57d330144a229282b48') in 0.0005727 seconds
Number of updated asset objects reloaded before import = 0Number of asset objects unloaded after import = 0

========================================================================
Received Import Request.
  Time since last request: 4.952439 seconds.
  path: Assets/Emerald AI/Scripts/Components/Optional/Editor/EmeraldInverseKinematicsEditor.cs
  artifactKey: Guid(175906794189e44449125276b4c64b8c) Importer(815301076,1909f56bfc062723c751e8b465ee728b)
Start importing Assets/Emerald AI/Scripts/Components/Optional/Editor/EmeraldInverseKinematicsEditor.cs using Guid(175906794189e44449125276b4c64b8c) Importer(815301076,1909f56bfc062723c751e8b465ee728b) (PreviewImporter) -> (artifact id: '2f5d110071d5b955bf12e34dae34c751') in 0.0006511 seconds
Number of updated asset objects reloaded before import = 0Number of asset objects unloaded after import = 0

========================================================================
Received Import Request.
  Time since last request: 3.137103 seconds.
  path: Assets/Emerald AI/Scripts/Components/Optional/Editor/EmeraldItemsEditor.cs
  artifactKey: Guid(cbd9ed11b291eb44f9b611fecce1c014) Importer(815301076,1909f56bfc062723c751e8b465ee728b)
Start importing Assets/Emerald AI/Scripts/Components/Optional/Editor/EmeraldItemsEditor.cs using Guid(cbd9ed11b291eb44f9b611fecce1c014) Importer(815301076,1909f56bfc062723c751e8b465ee728b) (PreviewImporter) -> (artifact id: '5509fb295bf18e2a327f5f264a368bce') in 0.000627 seconds
Number of updated asset objects reloaded before import = 0Number of asset objects unloaded after import = 0

========================================================================
Received Import Request.
  Time since last request: 2.492959 seconds.
  path: Assets/Emerald AI/Scripts/Components/Optional/Editor/EmeraldOptimizationEditor.cs
  artifactKey: Guid(b5f9006483035e445ac1c52e1a814225) Importer(815301076,1909f56bfc062723c751e8b465ee728b)
Start importing Assets/Emerald AI/Scripts/Components/Optional/Editor/EmeraldOptimizationEditor.cs using Guid(b5f9006483035e445ac1c52e1a814225) Importer(815301076,1909f56bfc062723c751e8b465ee728b) (PreviewImporter) -> (artifact id: 'cf81029a0ba72bdb7e8897c4a006fd39') in 0.0007307 seconds
Number of updated asset objects reloaded before import = 0Number of asset objects unloaded after import = 0

========================================================================
Received Import Request.
  Time since last request: 2.523349 seconds.
  path: Assets/Emerald AI/Scripts/Components/Optional/Editor/EmeraldUIEditor.cs
  artifactKey: Guid(ce109207489d6094cb34ad269047b4d0) Importer(815301076,1909f56bfc062723c751e8b465ee728b)
Start importing Assets/Emerald AI/Scripts/Components/Optional/Editor/EmeraldUIEditor.cs using Guid(ce109207489d6094cb34ad269047b4d0) Importer(815301076,1909f56bfc062723c751e8b465ee728b) (PreviewImporter) -> (artifact id: '06c8b0815ada5f33322178af62fe013c') in 0.0006608 seconds
Number of updated asset objects reloaded before import = 0Number of asset objects unloaded after import = 0

========================================================================
Received Import Request.
  Time since last request: 2.279538 seconds.
  path: Assets/Emerald AI/Scripts/Components/Optional/Editor/EmeraldWeaponCollisionEditor.cs
  artifactKey: Guid(62077336c47d2a744a0d815447c7b80d) Importer(815301076,1909f56bfc062723c751e8b465ee728b)
Start importing Assets/Emerald AI/Scripts/Components/Optional/Editor/EmeraldWeaponCollisionEditor.cs using Guid(62077336c47d2a744a0d815447c7b80d) Importer(815301076,1909f56bfc062723c751e8b465ee728b) (PreviewImporter) -> (artifact id: '8f7baff9d16973f9a3aa7a2db2f1c0a5') in 0.0006002 seconds
Number of updated asset objects reloaded before import = 0Number of asset objects unloaded after import = 0

========================================================================
Received Import Request.
  Time since last request: 4.908492 seconds.
  path: Assets/Emerald AI/Scripts/Components/Optional/Editor/LocationBasedDamageEditor.cs
  artifactKey: Guid(9826dfeb5581fd247993159fbf2d604d) Importer(815301076,1909f56bfc062723c751e8b465ee728b)
Start importing Assets/Emerald AI/Scripts/Components/Optional/Editor/LocationBasedDamageEditor.cs using Guid(9826dfeb5581fd247993159fbf2d604d) Importer(815301076,1909f56bfc062723c751e8b465ee728b) (PreviewImporter) -> (artifact id: '7bb1f3534e7a588c4ffd244ea144336d') in 0.0006661 seconds
Number of updated asset objects reloaded before import = 0Number of asset objects unloaded after import = 0

========================================================================
Received Import Request.
  Time since last request: 6.381705 seconds.
  path: Assets/Emerald AI/Scripts/Components/Optional/Editor/TargetPositionModifierEditor.cs
  artifactKey: Guid(13b7c111a75a9254596e0a4cc07d4b3a) Importer(815301076,1909f56bfc062723c751e8b465ee728b)
Start importing Assets/Emerald AI/Scripts/Components/Optional/Editor/TargetPositionModifierEditor.cs using Guid(13b7c111a75a9254596e0a4cc07d4b3a) Importer(815301076,1909f56bfc062723c751e8b465ee728b) (PreviewImporter) -> (artifact id: '4e04b1ff052ef1645e4936823de7ef2b') in 0.0006016 seconds
Number of updated asset objects reloaded before import = 0Number of asset objects unloaded after import = 0

========================================================================
Received Import Request.
  Time since last request: 10.027081 seconds.
  path: Assets/Emerald AI/Demo/Demo Source
  artifactKey: Guid(1996c2d75ea646147b347c3e69e4389c) Importer(815301076,1909f56bfc062723c751e8b465ee728b)
Start importing Assets/Emerald AI/Demo/Demo Source using Guid(1996c2d75ea646147b347c3e69e4389c) Importer(815301076,1909f56bfc062723c751e8b465ee728b) (PreviewImporter) -> (artifact id: '7266f9ea4e6a0db8089c21e13fcbfa57') in 0.0006169 seconds
Number of updated asset objects reloaded before import = 0Number of asset objects unloaded after import = 0

========================================================================
Received Import Request.
  Time since last request: 4.038894 seconds.
  path: Assets/Emerald AI/Combat Actions/Block Action.asset
  artifactKey: Guid(ac2c5f21871598b44a694ce94d6f6dac) Importer(815301076,1909f56bfc062723c751e8b465ee728b)
Start importing Assets/Emerald AI/Combat Actions/Block Action.asset using Guid(ac2c5f21871598b44a694ce94d6f6dac) Importer(815301076,1909f56bfc062723c751e8b465ee728b) (PreviewImporter) -> (artifact id: '9076e170b544502b19ae3afcb442df6d') in 0.0021187 seconds
Number of updated asset objects reloaded before import = 0Number of asset objects unloaded after import = 1

========================================================================
Received Import Request.
  Time since last request: 0.007196 seconds.
  path: Assets/Emerald AI/Combat Actions/Dodge Action.asset
  artifactKey: Guid(629b97adf4dbf9147af6cf85b511313d) Importer(815301076,1909f56bfc062723c751e8b465ee728b)
Start importing Assets/Emerald AI/Combat Actions/Dodge Action.asset using Guid(629b97adf4dbf9147af6cf85b511313d) Importer(815301076,1909f56bfc062723c751e8b465ee728b) (PreviewImporter) -> (artifact id: '2a34e7ab0e1f16fdaa61e9746eb8c8a4') in 0.0011035 seconds
Number of updated asset objects reloaded before import = 0Number of asset objects unloaded after import = 1

========================================================================
Received Import Request.
  Time since last request: 0.000642 seconds.
  path: Assets/Emerald AI/Combat Actions/Strafe Action.asset
  artifactKey: Guid(5e802ce80f3684349a18cb53a21f1fd1) Importer(815301076,1909f56bfc062723c751e8b465ee728b)
Start importing Assets/Emerald AI/Combat Actions/Strafe Action.asset using Guid(5e802ce80f3684349a18cb53a21f1fd1) Importer(815301076,1909f56bfc062723c751e8b465ee728b) (PreviewImporter) -> (artifact id: '120bd0e454556499d64bce82edaeeeaf') in 0.0009943 seconds
Number of updated asset objects reloaded before import = 0Number of asset objects unloaded after import = 1

========================================================================
Received Import Request.
  Time since last request: 0.000136 seconds.
  path: Assets/Emerald AI/Combat Actions/Switch Target Action.asset
  artifactKey: Guid(1180a21f374979740ad44d4bbdee43fd) Importer(815301076,1909f56bfc062723c751e8b465ee728b)
Start importing Assets/Emerald AI/Combat Actions/Switch Target Action.asset using Guid(1180a21f374979740ad44d4bbdee43fd) Importer(815301076,1909f56bfc062723c751e8b465ee728b) (PreviewImporter) -> (artifact id: '885eef9773321fb0100f0a78d6b3d4f9') in 0.0008803 seconds
Number of updated asset objects reloaded before import = 0Number of asset objects unloaded after import = 1

========================================================================
Received Import Request.
  Time since last request: 4.615397 seconds.
  path: Assets/Emerald AI/Resources/AI Health Bar.png
  artifactKey: Guid(9e1f36a2b01c53a41be7b755751d463d) Importer(815301076,1909f56bfc062723c751e8b465ee728b)
Start importing Assets/Emerald AI/Resources/AI Health Bar.png using Guid(9e1f36a2b01c53a41be7b755751d463d) Importer(815301076,1909f56bfc062723c751e8b465ee728b) (PreviewImporter) -> (artifact id: 'a94d6a5bfb5b5afeb3aa6005d6a06336') in 0.0605195 seconds
Number of updated asset objects reloaded before import = 0Number of asset objects unloaded after import = 3

========================================================================
Received Import Request.
  Time since last request: 0.000023 seconds.
  path: Assets/Emerald AI/Resources/Emerald Sound.prefab
  artifactKey: Guid(3ede2e37b8057874c87ded2a25c2ed62) Importer(815301076,1909f56bfc062723c751e8b465ee728b)
Start importing Assets/Emerald AI/Resources/Emerald Sound.prefab using Guid(3ede2e37b8057874c87ded2a25c2ed62) Importer(815301076,1909f56bfc062723c751e8b465ee728b) (PreviewImporter) -> (artifact id: '0996d6c165476c915013ddb17ba40525') in 0.0099159 seconds
Number of updated asset objects reloaded before import = 0Number of asset objects unloaded after import = 5

========================================================================
Received Import Request.
  Time since last request: 0.000019 seconds.
  path: Assets/Emerald AI/Resources/Combat Text Canvas.prefab
  artifactKey: Guid(9eb8a2edc81cd7c46a29c9e13bedb0bc) Importer(815301076,1909f56bfc062723c751e8b465ee728b)
Start importing Assets/Emerald AI/Resources/Combat Text Canvas.prefab using Guid(9eb8a2edc81cd7c46a29c9e13bedb0bc) Importer(815301076,1909f56bfc062723c751e8b465ee728b) (PreviewImporter) -> (artifact id: '057ca0fd0e7750a8b39d23ad71c3a28b') in 0.0037257 seconds
Number of updated asset objects reloaded before import = 0Number of asset objects unloaded after import = 10

========================================================================
Received Import Request.
  Time since last request: 0.000018 seconds.
  path: Assets/Emerald AI/Resources/Combat Text.prefab
  artifactKey: Guid(a7c07f6ef797487428a1c787146a9148) Importer(815301076,1909f56bfc062723c751e8b465ee728b)
Start importing Assets/Emerald AI/Resources/Combat Text.prefab using Guid(a7c07f6ef797487428a1c787146a9148) Importer(815301076,1909f56bfc062723c751e8b465ee728b) (PreviewImporter) -> (artifact id: '70ae5c2be859f111ccff9a9029537d0e') in 0.0097559 seconds
Number of updated asset objects reloaded before import = 0Number of asset objects unloaded after import = 7

========================================================================
Received Import Request.
  Time since last request: 0.000084 seconds.
  path: Assets/Emerald AI/Resources/Combat Text System.prefab
  artifactKey: Guid(5dca000777fe29040875c91e57128ddb) Importer(815301076,1909f56bfc062723c751e8b465ee728b)
Start importing Assets/Emerald AI/Resources/Combat Text System.prefab using Guid(5dca000777fe29040875c91e57128ddb) Importer(815301076,1909f56bfc062723c751e8b465ee728b) (PreviewImporter) -> (artifact id: '3c09cca8a23dd8eee9bfa050ae047178') in 0.0022539 seconds
Number of updated asset objects reloaded before import = 0Number of asset objects unloaded after import = 5

========================================================================
Received Import Request.
  Time since last request: 0.000053 seconds.
  path: Assets/Emerald AI/Resources/Faction Data.asset
  artifactKey: Guid(c49fa35b3f63d44448451362963bcbcd) Importer(815301076,1909f56bfc062723c751e8b465ee728b)
Start importing Assets/Emerald AI/Resources/Faction Data.asset using Guid(c49fa35b3f63d44448451362963bcbcd) Importer(815301076,1909f56bfc062723c751e8b465ee728b) (PreviewImporter) -> (artifact id: 'c0fce6905d9500fd97fcfeebedfd4aaa') in 0.0011811 seconds
Number of updated asset objects reloaded before import = 0Number of asset objects unloaded after import = 1

Editor requested this worker to shutdown with reason: Scaling down because of idle timeout
AssetImportWorker is now disconnected from the server
Process exiting
Exiting without the bug reporter. Application will terminate with return code 0